<?xml version="1.0" encoding="UTF-8"?>
<!-- Generated by org.testng.reporters.JUnitXMLReporter -->
<testsuite hostname="CGSCLXI54290887" ignored="0" name="Command line test" tests="6" failures="0" timestamp="09 Apr 2020 07:38:59 GMT" time="0.07" errors="0">
  <testcase name="IOSApps" time="0.009" classname="qaClickAcademy.AppiumTest"/>
  <testcase name="NativeAPpAndroid" time="0.003" classname="qaClickAcademy.AppiumTest"/>
  <testcase name="deleteTwitter" time="0.002" classname="qaClickAcademy.RESTAPITest"/>
  <testcase name="postJira" time="0.001" classname="qaClickAcademy.RESTAPITest"/>
  <testcase name="BrowserAUtomation" time="0.0" classname="qaClickAcademy.SeleniumTest"/>
  <testcase name="elementsUi" time="0.0" classname="qaClickAcademy.SeleniumTest"/>
</testsuite> <!-- Command line test -->
