<?xml version="1.0" encoding="UTF-8"?>
<testng-results skipped="0" failed="0" ignored="0" total="6" passed="6">
  <reporter-output>
  </reporter-output>
  <suite name="Command line suite" duration-ms="70" started-at="2020-04-09T07:38:59Z" finished-at="2020-04-09T07:38:59Z">
    <groups>
    </groups>
    <test name="Command line test" duration-ms="70" started-at="2020-04-09T07:38:59Z" finished-at="2020-04-09T07:38:59Z">
      <class name="qaClickAcademy.AppiumTest">
        <test-method status="PASS" signature="IOSApps()[pri:0, instance:qaClickAcademy.AppiumTest@6aaa5eb0]" name="IOSApps" duration-ms="9" started-at="2020-04-09T13:08:59Z" finished-at="2020-04-09T13:08:59Z">
          <reporter-output>
          </reporter-output>
        </test-method> <!-- IOSApps -->
        <test-method status="PASS" signature="NativeAPpAndroid()[pri:0, instance:qaClickAcademy.AppiumTest@6aaa5eb0]" name="NativeAPpAndroid" duration-ms="3" started-at="2020-04-09T13:08:59Z" finished-at="2020-04-09T13:08:59Z">
          <reporter-output>
          </reporter-output>
        </test-method> <!-- NativeAPpAndroid -->
      </class> <!-- qaClickAcademy.AppiumTest -->
      <class name="qaClickAcademy.RESTAPITest">
        <test-method status="PASS" signature="deleteTwitter()[pri:0, instance:qaClickAcademy.RESTAPITest@3d8c7aca]" name="deleteTwitter" duration-ms="2" started-at="2020-04-09T13:08:59Z" finished-at="2020-04-09T13:08:59Z">
          <reporter-output>
          </reporter-output>
        </test-method> <!-- deleteTwitter -->
        <test-method status="PASS" signature="postJira()[pri:0, instance:qaClickAcademy.RESTAPITest@3d8c7aca]" name="postJira" duration-ms="1" started-at="2020-04-09T13:08:59Z" finished-at="2020-04-09T13:08:59Z">
          <reporter-output>
          </reporter-output>
        </test-method> <!-- postJira -->
      </class> <!-- qaClickAcademy.RESTAPITest -->
      <class name="qaClickAcademy.SeleniumTest">
        <test-method status="PASS" signature="BrowserAUtomation()[pri:0, instance:qaClickAcademy.SeleniumTest@5ebec15]" name="BrowserAUtomation" duration-ms="0" started-at="2020-04-09T13:08:59Z" finished-at="2020-04-09T13:08:59Z">
          <reporter-output>
          </reporter-output>
        </test-method> <!-- BrowserAUtomation -->
        <test-method status="PASS" signature="elementsUi()[pri:0, instance:qaClickAcademy.SeleniumTest@5ebec15]" name="elementsUi" duration-ms="0" started-at="2020-04-09T13:08:59Z" finished-at="2020-04-09T13:08:59Z">
          <reporter-output>
          </reporter-output>
        </test-method> <!-- elementsUi -->
      </class> <!-- qaClickAcademy.SeleniumTest -->
    </test> <!-- Command line test -->
  </suite> <!-- Command line suite -->
</testng-results>
